<?xml version="1.0" encoding="UTF-8"?>
<!-- Generated by org.testng.reporters.JUnitReportReporter -->
<testsuite skipped="0" hostname="HP-2019" name="GeneralStore.TestCase" tests="5" failures="0" timestamp="2021-09-06T07:41:30 IST" time="102.964" errors="0">
  <testcase name="formFillUp" time="36.229" classname="GeneralStore.TestCase"/>
  <system-out/>
  <testcase name="addToCart" time="33.128" classname="GeneralStore.TestCase"/>
  <system-out/>
  <testcase name="mainCart" time="1.191" classname="GeneralStore.TestCase"/>
  <system-out/>
  <testcase name="visitWebsite" time="0.789" classname="GeneralStore.TestCase"/>
  <system-out/>
  <testcase name="contextHandles" time="31.627" classname="GeneralStore.TestCase"/>
  <system-out/>
</testsuite> <!-- GeneralStore.TestCase -->
