<?xml version="1.0" encoding="UTF-8"?>
<!-- Generated by org.testng.reporters.JUnitReportReporter -->
<testsuite skipped="0" hostname="HP-2019" name="ServerOpen.Emulator" tests="1" failures="0" timestamp="2021-09-07T20:54:32 IST" time="0.210" errors="0">
  <testcase name="startServer" time="0.210" classname="ServerOpen.Emulator"/>
  <system-out/>
</testsuite> <!-- ServerOpen.Emulator -->
