<?xml version="1.0" encoding="UTF-8"?>
<!-- Generated by org.testng.reporters.JUnitReportReporter -->
<testsuite skipped="0" hostname="HP-2019" name="ServerOpen.StartServer2" tests="1" failures="0" timestamp="2021-09-07T20:46:00 IST" time="18.059" errors="0">
  <testcase name="startServer" time="18.059" classname="ServerOpen.StartServer2"/>
  <system-out/>
</testsuite> <!-- ServerOpen.StartServer2 -->
